<?xml version="1.0" encoding="UTF-8"?>
<testng-results ignored="0" total="3" passed="2" failed="1" skipped="0">
  <reporter-output>
  </reporter-output>
  <suite started-at="2024-10-09T15:04:41 IST" name="Suite" finished-at="2024-10-09T15:04:55 IST" duration-ms="13593">
    <groups>
    </groups>
    <test started-at="2024-10-09T15:04:41 IST" name="Test" finished-at="2024-10-09T15:04:55 IST" duration-ms="13593">
      <class name="extentReportsProjects.ExtentReportExample">
        <test-method is-config="true" signature="LaunchApp()[pri:0, instance:extentReportsProjects.ExtentReportExample@6c284af]" started-at="2024-10-09T15:04:42 IST" name="LaunchApp" finished-at="2024-10-09T15:04:54 IST" duration-ms="12171" status="PASS">
          <reporter-output>
          </reporter-output>
        </test-method> <!-- LaunchApp -->
        <test-method signature="testAppUrl()[pri:0, instance:extentReportsProjects.ExtentReportExample@6c284af]" started-at="2024-10-09T15:04:54 IST" name="testAppUrl" finished-at="2024-10-09T15:04:54 IST" duration-ms="31" status="PASS">
          <reporter-output>
          </reporter-output>
        </test-method> <!-- testAppUrl -->
        <test-method signature="getPageTitle()[pri:0, instance:extentReportsProjects.ExtentReportExample@6c284af]" started-at="2024-10-09T15:04:54 IST" name="getPageTitle" finished-at="2024-10-09T15:04:54 IST" depends-on-methods="extentReportsProjects.ExtentReportExample.testAppUrl" duration-ms="33" status="FAIL">
          <exception class="java.lang.AssertionError">
            <message>
              <![CDATA[expected [Your Store] but found [Your Stor]]]>
            </message>
            <full-stacktrace>
              <![CDATA[java.lang.AssertionError: expected [Your Store] but found [Your Stor]
at org.testng.Assert.fail(Assert.java:111)
at org.testng.Assert.failNotEquals(Assert.java:1578)
at org.testng.Assert.assertEqualsImpl(Assert.java:150)
at org.testng.Assert.assertEquals(Assert.java:132)
at org.testng.Assert.assertEquals(Assert.java:656)
at org.testng.Assert.assertEquals(Assert.java:666)
at extentReportsProjects.ExtentReportExample.getPageTitle(ExtentReportExample.java:42)
at java.base/jdk.internal.reflect.DirectMethodHandleAccessor.invoke(DirectMethodHandleAccessor.java:103)
at java.base/java.lang.reflect.Method.invoke(Method.java:580)
at org.testng.internal.invokers.MethodInvocationHelper.invokeMethod(MethodInvocationHelper.java:141)
at org.testng.internal.invokers.TestInvoker.invokeMethod(TestInvoker.java:686)
at org.testng.internal.invokers.TestInvoker.invokeTestMethod(TestInvoker.java:230)
at org.testng.internal.invokers.MethodRunner.runInSequence(MethodRunner.java:63)
at org.testng.internal.invokers.TestInvoker$MethodInvocationAgent.invoke(TestInvoker.java:992)
at org.testng.internal.invokers.TestInvoker.invokeTestMethods(TestInvoker.java:203)
at org.testng.internal.invokers.TestMethodWorker.invokeTestMethods(TestMethodWorker.java:154)
at org.testng.internal.invokers.TestMethodWorker.run(TestMethodWorker.java:134)
at java.base/java.util.ArrayList.forEach(ArrayList.java:1597)
at org.testng.TestRunner.privateRun(TestRunner.java:739)
at org.testng.TestRunner.run(TestRunner.java:614)
at org.testng.SuiteRunner.runTest(SuiteRunner.java:421)
at org.testng.SuiteRunner.runSequentially(SuiteRunner.java:413)
at org.testng.SuiteRunner.privateRun(SuiteRunner.java:373)
at org.testng.SuiteRunner.run(SuiteRunner.java:312)
at org.testng.SuiteRunnerWorker.runSuite(SuiteRunnerWorker.java:52)
at org.testng.SuiteRunnerWorker.run(SuiteRunnerWorker.java:95)
at org.testng.TestNG.runSuitesSequentially(TestNG.java:1274)
at org.testng.TestNG.runSuitesLocally(TestNG.java:1208)
at org.testng.TestNG.runSuites(TestNG.java:1112)
at org.testng.TestNG.run(TestNG.java:1079)
at org.testng.remote.AbstractRemoteTestNG.run(AbstractRemoteTestNG.java:115)
at org.testng.remote.RemoteTestNG.initAndRun(RemoteTestNG.java:293)
at org.testng.remote.RemoteTestNG.main(RemoteTestNG.java:91)
]]>
            </full-stacktrace>
          </exception> <!-- java.lang.AssertionError -->
          <reporter-output>
          </reporter-output>
        </test-method> <!-- getPageTitle -->
        <test-method signature="testLogo()[pri:1, instance:extentReportsProjects.ExtentReportExample@6c284af]" started-at="2024-10-09T15:04:55 IST" name="testLogo" finished-at="2024-10-09T15:04:55 IST" duration-ms="94" status="PASS">
          <reporter-output>
          </reporter-output>
        </test-method> <!-- testLogo -->
        <test-method is-config="true" signature="tearDown()[pri:0, instance:extentReportsProjects.ExtentReportExample@6c284af]" started-at="2024-10-09T15:04:55 IST" name="tearDown" finished-at="2024-10-09T15:04:55 IST" duration-ms="235" status="PASS">
          <reporter-output>
          </reporter-output>
        </test-method> <!-- tearDown -->
      </class> <!-- extentReportsProjects.ExtentReportExample -->
    </test> <!-- Test -->
  </suite> <!-- Suite -->
</testng-results>
